<?xml version="1.0" encoding="UTF-8"?>
<!-- Generated by org.testng.reporters.JUnitXMLReporter -->
<testsuite hostname="LAPTOP-7BGC73VB" ignored="6" name="Test" tests="2" failures="0" timestamp="2021-09-22T19:16:24 IST" time="0.525" errors="0">
  <testcase name="@BeforeClass beforeTest" time="-1.632318383537E9" classname="com.reobeen.qa.testcase.BaseTest">
    <failure type="org.testng.TestNGException" message="
Parameter &amp;apos;browser&amp;apos; is required by BeforeClass on method beforeTest but has not been marked @Optional or defined
in C:\Users\HP\eclipse-workspace\ObsquraMainProject\groping.xml">
      <![CDATA[org.testng.TestNGException: 
Parameter 'browser' is required by BeforeClass on method beforeTest but has not been marked @Optional or defined
in C:\Users\HP\eclipse-workspace\ObsquraMainProject\groping.xml
at java.util.ArrayList.forEach(ArrayList.java:1259)
... Removed 22 stack frames]]>
    </failure>
  </testcase> <!-- @BeforeClass beforeTest -->
  <testcase name="@BeforeClass beforeTest" time="-1.632318384032E9" classname="com.reobeen.qa.testcase.BaseTest">
    <failure type="org.testng.TestNGException" message="
Parameter &amp;apos;browser&amp;apos; is required by BeforeClass on method beforeTest but has not been marked @Optional or defined
in C:\Users\HP\eclipse-workspace\ObsquraMainProject\groping.xml">
      <![CDATA[org.testng.TestNGException: 
Parameter 'browser' is required by BeforeClass on method beforeTest but has not been marked @Optional or defined
in C:\Users\HP\eclipse-workspace\ObsquraMainProject\groping.xml
at java.util.ArrayList.forEach(ArrayList.java:1259)
... Removed 22 stack frames]]>
    </failure>
  </testcase> <!-- @BeforeClass beforeTest -->
  <testcase name="verifyLogin" time="0.0" classname="com.reobeen.qa.testcase.LoginTest">
    <skipped/>
  </testcase> <!-- verifyLogin -->
  <testcase name="verifyContactDetails" time="0.0" classname="com.reobeen.qa.testcase.ContactTest">
    <skipped/>
  </testcase> <!-- verifyContactDetails -->
  <testcase name="verifyCustomerDetails" time="0.0" classname="com.reobeen.qa.testcase.ContactTest">
    <ignored/>
  </testcase> <!-- verifyCustomerDetails -->
  <testcase name="verifyDeleteCustomerDetails" time="0.0" classname="com.reobeen.qa.testcase.ContactTest">
    <ignored/>
  </testcase> <!-- verifyDeleteCustomerDetails -->
  <testcase name="verifyFieldDisplay" time="0.0" classname="com.reobeen.qa.testcase.LoginTest">
    <ignored/>
  </testcase> <!-- verifyFieldDisplay -->
  <testcase name="verifyEditCustomerDetails" time="0.0" classname="com.reobeen.qa.testcase.ContactTest">
    <ignored/>
  </testcase> <!-- verifyEditCustomerDetails -->
  <testcase name="verifyUploadContact" time="0.0" classname="com.reobeen.qa.testcase.ContactTest">
    <ignored/>
  </testcase> <!-- verifyUploadContact -->
  <testcase name="verifyViewContactDetails" time="0.0" classname="com.reobeen.qa.testcase.ContactTest">
    <ignored/>
  </testcase> <!-- verifyViewContactDetails -->
</testsuite> <!-- Test -->
