<?xml version="1.0" encoding="UTF-8"?>
<!-- Generated by org.testng.reporters.JUnitXMLReporter -->
<testsuite hostname="LAPTOP-7BGC73VB" ignored="0" name="Test" tests="6" failures="0" timestamp="2021-09-21T09:23:27 IST" time="120.468" errors="0">
  <testcase name="@BeforeClass beforeTest" time="111.183" classname="com.reobeen.qa.testcase.BaseTest">
    <failure type="org.openqa.selenium.WebDriverException" message="chrome not reachable
Build info: version: &amp;apos;3.141.59&amp;apos;, revision: &amp;apos;e82be7d358&amp;apos;, time: &amp;apos;2018-11-14T08:17:03&amp;apos;
System info: host: &amp;apos;LAPTOP-7BGC73VB&amp;apos;, ip: &amp;apos;192.168.1.7&amp;apos;, os.name: &amp;apos;Windows 10&amp;apos;, os.arch: &amp;apos;amd64&amp;apos;, os.version: &amp;apos;10.0&amp;apos;, java.version: &amp;apos;1.8.0_291&amp;apos;
Driver info: driver.version: ChromeDriver
remote stacktrace: Backtrace:
	Ordinal0 [0x0124A2D3+2663123]
	Ordinal0 [0x011DA491+2204817]
	Ordinal0 [0x010C1FE0+1056736]
	Ordinal0 [0x010B6F95+1011605]
	Ordinal0 [0x010DFD61+1178977]
	Ordinal0 [0x010DC335+1164085]
	Ordinal0 [0x010D9B7F+1153919]
	Ordinal0 [0x01109D8F+1351055]
	Ordinal0 [0x011099FA+1350138]
	Ordinal0 [0x0110589B+1333403]
	Ordinal0 [0x010E1F74+1187700]
	Ordinal0 [0x010E2DC9+1191369]
	GetHandleVerifier [0x013E30D6+1610054]
	GetHandleVerifier [0x0148B53B+2299307]
	GetHandleVerifier [0x012D8DA9+519705]
	GetHandleVerifier [0x012D7759+513993]
	Ordinal0 [0x011E112D+2232621]
	Ordinal0 [0x011E55F8+2250232]
	Ordinal0 [0x011E5732+2250546]
	Ordinal0 [0x011EE591+2286993]
	BaseThreadInitThunk [0x76B9FA29+25]
	RtlGetAppContainerNamedObjectPath [0x770B7A9E+286]
	RtlGetAppContainerNamedObjectPath [0x770B7A6E+238]
">
      <![CDATA[org.openqa.selenium.WebDriverException: chrome not reachable
Build info: version: '3.141.59', revision: 'e82be7d358', time: '2018-11-14T08:17:03'
System info: host: 'LAPTOP-7BGC73VB', ip: '192.168.1.7', os.name: 'Windows 10', os.arch: 'amd64', os.version: '10.0', java.version: '1.8.0_291'
Driver info: driver.version: ChromeDriver
remote stacktrace: Backtrace:
Ordinal0 [0x0124A2D3+2663123]
Ordinal0 [0x011DA491+2204817]
Ordinal0 [0x010C1FE0+1056736]
Ordinal0 [0x010B6F95+1011605]
Ordinal0 [0x010DFD61+1178977]
Ordinal0 [0x010DC335+1164085]
Ordinal0 [0x010D9B7F+1153919]
Ordinal0 [0x01109D8F+1351055]
Ordinal0 [0x011099FA+1350138]
Ordinal0 [0x0110589B+1333403]
Ordinal0 [0x010E1F74+1187700]
Ordinal0 [0x010E2DC9+1191369]
GetHandleVerifier [0x013E30D6+1610054]
GetHandleVerifier [0x0148B53B+2299307]
GetHandleVerifier [0x012D8DA9+519705]
GetHandleVerifier [0x012D7759+513993]
Ordinal0 [0x011E112D+2232621]
Ordinal0 [0x011E55F8+2250232]
Ordinal0 [0x011E5732+2250546]
Ordinal0 [0x011EE591+2286993]
BaseThreadInitThunk [0x76B9FA29+25]
RtlGetAppContainerNamedObjectPath [0x770B7A9E+286]
RtlGetAppContainerNamedObjectPath [0x770B7A6E+238]

at org.openqa.selenium.remote.W3CHandshakeResponse.lambda$errorHandler$0(W3CHandshakeResponse.java:62)
at org.openqa.selenium.remote.HandshakeResponse.lambda$getResponseFunction$0(HandshakeResponse.java:30)
at org.openqa.selenium.remote.ProtocolHandshake.lambda$createSession$0(ProtocolHandshake.java:126)
at java.util.stream.ReferencePipeline$3$1.accept(ReferencePipeline.java:193)
at java.util.Spliterators$ArraySpliterator.tryAdvance(Spliterators.java:958)
at java.util.stream.ReferencePipeline.forEachWithCancel(ReferencePipeline.java:126)
at java.util.stream.AbstractPipeline.copyIntoWithCancel(AbstractPipeline.java:499)
at java.util.stream.AbstractPipeline.copyInto(AbstractPipeline.java:486)
at java.util.stream.AbstractPipeline.wrapAndCopyInto(AbstractPipeline.java:472)
at java.util.stream.FindOps$FindOp.evaluateSequential(FindOps.java:152)
at java.util.stream.AbstractPipeline.evaluate(AbstractPipeline.java:234)
at java.util.stream.ReferencePipeline.findFirst(ReferencePipeline.java:464)
at org.openqa.selenium.remote.ProtocolHandshake.createSession(ProtocolHandshake.java:128)
at org.openqa.selenium.remote.ProtocolHandshake.createSession(ProtocolHandshake.java:74)
at org.openqa.selenium.remote.HttpCommandExecutor.execute(HttpCommandExecutor.java:136)
at org.openqa.selenium.remote.service.DriverCommandExecutor.execute(DriverCommandExecutor.java:83)
at org.openqa.selenium.remote.RemoteWebDriver.execute(RemoteWebDriver.java:552)
at org.openqa.selenium.remote.RemoteWebDriver.startSession(RemoteWebDriver.java:213)
at org.openqa.selenium.remote.RemoteWebDriver.<init>(RemoteWebDriver.java:131)
at org.openqa.selenium.chrome.ChromeDriver.<init>(ChromeDriver.java:181)
at org.openqa.selenium.chrome.ChromeDriver.<init>(ChromeDriver.java:168)
at org.openqa.selenium.chrome.ChromeDriver.<init>(ChromeDriver.java:123)
at com.reobeen.qa.testcase.BaseTest.beforeTest(BaseTest.java:51)
at java.util.ArrayList.forEach(ArrayList.java:1259)
... Removed 33 stack frames]]>
    </failure>
  </testcase> <!-- @BeforeClass beforeTest -->
  <testcase name="@AfterMethod takeScreenshotOnFailure" time="-1.632196398655E9" classname="com.reobeen.qa.testcase.BaseTest">
    <skipped/>
  </testcase> <!-- @AfterMethod takeScreenshotOnFailure -->
  <testcase name="@AfterMethod takeScreenshotOnFailure" time="-1.63219639866E9" classname="com.reobeen.qa.testcase.BaseTest">
    <skipped/>
  </testcase> <!-- @AfterMethod takeScreenshotOnFailure -->
  <testcase name="@AfterMethod takeScreenshotOnFailure" time="-1.632196406868E9" classname="com.reobeen.qa.testcase.BaseTest">
    <skipped/>
  </testcase> <!-- @AfterMethod takeScreenshotOnFailure -->
  <testcase name="@AfterMethod takeScreenshotOnFailure" time="-1.632196406872E9" classname="com.reobeen.qa.testcase.BaseTest">
    <skipped/>
  </testcase> <!-- @AfterMethod takeScreenshotOnFailure -->
  <testcase name="@AfterMethod takeScreenshotOnFailure" time="-1.632196406873E9" classname="com.reobeen.qa.testcase.BaseTest">
    <skipped/>
  </testcase> <!-- @AfterMethod takeScreenshotOnFailure -->
  <testcase name="@AfterMethod takeScreenshotOnFailure" time="-1.632196407057E9" classname="com.reobeen.qa.testcase.BaseTest">
    <skipped/>
  </testcase> <!-- @AfterMethod takeScreenshotOnFailure -->
  <testcase name="@AfterTest after" time="0.0" classname="com.reobeen.qa.testcase.BaseTest">
    <failure type="java.lang.NullPointerException">
      <![CDATA[java.lang.NullPointerException
at com.reobeen.qa.testcase.BaseTest.after(BaseTest.java:95)
... Removed 28 stack frames]]>
    </failure>
  </testcase> <!-- @AfterTest after -->
  <testcase name="verifyContactDetails" time="0.002" classname="com.reobeen.qa.testcase.ContactTest">
    <skipped/>
  </testcase> <!-- verifyContactDetails -->
  <testcase name="verifyUploadContact" time="0.0" classname="com.reobeen.qa.testcase.ContactTest">
    <skipped/>
  </testcase> <!-- verifyUploadContact -->
  <testcase name="verifyEditCustomerDetails" time="0.0" classname="com.reobeen.qa.testcase.ContactTest">
    <skipped/>
  </testcase> <!-- verifyEditCustomerDetails -->
  <testcase name="verifyDeleteCustomerDetails" time="0.0" classname="com.reobeen.qa.testcase.ContactTest">
    <skipped/>
  </testcase> <!-- verifyDeleteCustomerDetails -->
  <testcase name="verifyViewContactDetails" time="0.0" classname="com.reobeen.qa.testcase.ContactTest">
    <skipped/>
  </testcase> <!-- verifyViewContactDetails -->
  <testcase name="verifyCustomerDetails" time="0.0" classname="com.reobeen.qa.testcase.ContactTest">
    <skipped/>
  </testcase> <!-- verifyCustomerDetails -->
</testsuite> <!-- Test -->
