<?xml version="1.0" encoding="UTF-8"?>
<testng-results skipped="6" failed="0" ignored="0" total="6" passed="0">
  <reporter-output>
  </reporter-output>
  <suite name="Suite" duration-ms="120468" started-at="2021-09-21T09:21:26 IST" finished-at="2021-09-21T09:23:27 IST">
    <groups>
    </groups>
    <test name="Test" duration-ms="120468" started-at="2021-09-21T09:21:26 IST" finished-at="2021-09-21T09:23:27 IST">
      <class name="com.reobeen.qa.testcase.ContactTest">
        <test-method status="FAIL" signature="beforeTest(java.lang.String)[pri:0, instance:com.reobeen.qa.testcase.ContactTest@5e853265]" name="beforeTest" is-config="true" duration-ms="111183" started-at="2021-09-21T09:21:26 IST" finished-at="2021-09-21T09:23:17 IST">
          <params>
            <param index="0">
              <value>
                <![CDATA[chrome]]>
              </value>
            </param>
          </params>
          <exception class="org.openqa.selenium.WebDriverException">
            <message>
              <![CDATA[chrome not reachable
Build info: version: '3.141.59', revision: 'e82be7d358', time: '2018-11-14T08:17:03'
System info: host: 'LAPTOP-7BGC73VB', ip: '192.168.1.7', os.name: 'Windows 10', os.arch: 'amd64', os.version: '10.0', java.version: '1.8.0_291'
Driver info: driver.version: ChromeDriver
remote stacktrace: Backtrace:
Ordinal0 [0x0124A2D3+2663123]
Ordinal0 [0x011DA491+2204817]
Ordinal0 [0x010C1FE0+1056736]
Ordinal0 [0x010B6F95+1011605]
Ordinal0 [0x010DFD61+1178977]
Ordinal0 [0x010DC335+1164085]
Ordinal0 [0x010D9B7F+1153919]
Ordinal0 [0x01109D8F+1351055]
Ordinal0 [0x011099FA+1350138]
Ordinal0 [0x0110589B+1333403]
Ordinal0 [0x010E1F74+1187700]
Ordinal0 [0x010E2DC9+1191369]
GetHandleVerifier [0x013E30D6+1610054]
GetHandleVerifier [0x0148B53B+2299307]
GetHandleVerifier [0x012D8DA9+519705]
GetHandleVerifier [0x012D7759+513993]
Ordinal0 [0x011E112D+2232621]
Ordinal0 [0x011E55F8+2250232]
Ordinal0 [0x011E5732+2250546]
Ordinal0 [0x011EE591+2286993]
BaseThreadInitThunk [0x76B9FA29+25]
RtlGetAppContainerNamedObjectPath [0x770B7A9E+286]
RtlGetAppContainerNamedObjectPath [0x770B7A6E+238]
]]>
            </message>
            <full-stacktrace>
              <![CDATA[org.openqa.selenium.WebDriverException: chrome not reachable
Build info: version: '3.141.59', revision: 'e82be7d358', time: '2018-11-14T08:17:03'
System info: host: 'LAPTOP-7BGC73VB', ip: '192.168.1.7', os.name: 'Windows 10', os.arch: 'amd64', os.version: '10.0', java.version: '1.8.0_291'
Driver info: driver.version: ChromeDriver
remote stacktrace: Backtrace:
Ordinal0 [0x0124A2D3+2663123]
Ordinal0 [0x011DA491+2204817]
Ordinal0 [0x010C1FE0+1056736]
Ordinal0 [0x010B6F95+1011605]
Ordinal0 [0x010DFD61+1178977]
Ordinal0 [0x010DC335+1164085]
Ordinal0 [0x010D9B7F+1153919]
Ordinal0 [0x01109D8F+1351055]
Ordinal0 [0x011099FA+1350138]
Ordinal0 [0x0110589B+1333403]
Ordinal0 [0x010E1F74+1187700]
Ordinal0 [0x010E2DC9+1191369]
GetHandleVerifier [0x013E30D6+1610054]
GetHandleVerifier [0x0148B53B+2299307]
GetHandleVerifier [0x012D8DA9+519705]
GetHandleVerifier [0x012D7759+513993]
Ordinal0 [0x011E112D+2232621]
Ordinal0 [0x011E55F8+2250232]
Ordinal0 [0x011E5732+2250546]
Ordinal0 [0x011EE591+2286993]
BaseThreadInitThunk [0x76B9FA29+25]
RtlGetAppContainerNamedObjectPath [0x770B7A9E+286]
RtlGetAppContainerNamedObjectPath [0x770B7A6E+238]

at sun.reflect.NativeConstructorAccessorImpl.newInstance0(Native Method)
at sun.reflect.NativeConstructorAccessorImpl.newInstance(NativeConstructorAccessorImpl.java:62)
at sun.reflect.DelegatingConstructorAccessorImpl.newInstance(DelegatingConstructorAccessorImpl.java:45)
at java.lang.reflect.Constructor.newInstance(Constructor.java:423)
at org.openqa.selenium.remote.W3CHandshakeResponse.lambda$errorHandler$0(W3CHandshakeResponse.java:62)
at org.openqa.selenium.remote.HandshakeResponse.lambda$getResponseFunction$0(HandshakeResponse.java:30)
at org.openqa.selenium.remote.ProtocolHandshake.lambda$createSession$0(ProtocolHandshake.java:126)
at java.util.stream.ReferencePipeline$3$1.accept(ReferencePipeline.java:193)
at java.util.Spliterators$ArraySpliterator.tryAdvance(Spliterators.java:958)
at java.util.stream.ReferencePipeline.forEachWithCancel(ReferencePipeline.java:126)
at java.util.stream.AbstractPipeline.copyIntoWithCancel(AbstractPipeline.java:499)
at java.util.stream.AbstractPipeline.copyInto(AbstractPipeline.java:486)
at java.util.stream.AbstractPipeline.wrapAndCopyInto(AbstractPipeline.java:472)
at java.util.stream.FindOps$FindOp.evaluateSequential(FindOps.java:152)
at java.util.stream.AbstractPipeline.evaluate(AbstractPipeline.java:234)
at java.util.stream.ReferencePipeline.findFirst(ReferencePipeline.java:464)
at org.openqa.selenium.remote.ProtocolHandshake.createSession(ProtocolHandshake.java:128)
at org.openqa.selenium.remote.ProtocolHandshake.createSession(ProtocolHandshake.java:74)
at org.openqa.selenium.remote.HttpCommandExecutor.execute(HttpCommandExecutor.java:136)
at org.openqa.selenium.remote.service.DriverCommandExecutor.execute(DriverCommandExecutor.java:83)
at org.openqa.selenium.remote.RemoteWebDriver.execute(RemoteWebDriver.java:552)
at org.openqa.selenium.remote.RemoteWebDriver.startSession(RemoteWebDriver.java:213)
at org.openqa.selenium.remote.RemoteWebDriver.<init>(RemoteWebDriver.java:131)
at org.openqa.selenium.chrome.ChromeDriver.<init>(ChromeDriver.java:181)
at org.openqa.selenium.chrome.ChromeDriver.<init>(ChromeDriver.java:168)
at org.openqa.selenium.chrome.ChromeDriver.<init>(ChromeDriver.java:123)
at com.reobeen.qa.testcase.BaseTest.beforeTest(BaseTest.java:51)
at sun.reflect.NativeMethodAccessorImpl.invoke0(Native Method)
at sun.reflect.NativeMethodAccessorImpl.invoke(NativeMethodAccessorImpl.java:62)
at sun.reflect.DelegatingMethodAccessorImpl.invoke(DelegatingMethodAccessorImpl.java:43)
at java.lang.reflect.Method.invoke(Method.java:498)
at org.testng.internal.MethodInvocationHelper.invokeMethod(MethodInvocationHelper.java:133)
at org.testng.internal.MethodInvocationHelper.invokeMethodConsideringTimeout(MethodInvocationHelper.java:62)
at org.testng.internal.ConfigInvoker.invokeConfigurationMethod(ConfigInvoker.java:385)
at org.testng.internal.ConfigInvoker.invokeConfigurations(ConfigInvoker.java:321)
at org.testng.internal.TestMethodWorker.invokeBeforeClassMethods(TestMethodWorker.java:176)
at org.testng.internal.TestMethodWorker.run(TestMethodWorker.java:122)
at java.util.ArrayList.forEach(ArrayList.java:1259)
at org.testng.TestRunner.privateRun(TestRunner.java:794)
at org.testng.TestRunner.run(TestRunner.java:596)
at org.testng.SuiteRunner.runTest(SuiteRunner.java:377)
at org.testng.SuiteRunner.runSequentially(SuiteRunner.java:371)
at org.testng.SuiteRunner.privateRun(SuiteRunner.java:332)
at org.testng.SuiteRunner.run(SuiteRunner.java:276)
at org.testng.SuiteRunnerWorker.runSuite(SuiteRunnerWorker.java:53)
at org.testng.SuiteRunnerWorker.run(SuiteRunnerWorker.java:96)
at org.testng.TestNG.runSuitesSequentially(TestNG.java:1212)
at org.testng.TestNG.runSuitesLocally(TestNG.java:1134)
at org.testng.TestNG.runSuites(TestNG.java:1063)
at org.testng.TestNG.run(TestNG.java:1031)
at org.apache.maven.surefire.testng.TestNGExecutor.run(TestNGExecutor.java:284)
at org.apache.maven.surefire.testng.TestNGXmlTestSuite.execute(TestNGXmlTestSuite.java:75)
at org.apache.maven.surefire.testng.TestNGProvider.invoke(TestNGProvider.java:119)
at org.apache.maven.surefire.booter.ForkedBooter.runSuitesInProcess(ForkedBooter.java:428)
at org.apache.maven.surefire.booter.ForkedBooter.execute(ForkedBooter.java:162)
at org.apache.maven.surefire.booter.ForkedBooter.run(ForkedBooter.java:562)
at org.apache.maven.surefire.booter.ForkedBooter.main(ForkedBooter.java:548)
]]>
            </full-stacktrace>
          </exception> <!-- org.openqa.selenium.WebDriverException -->
          <reporter-output>
          </reporter-output>
        </test-method> <!-- beforeTest -->
        <test-method status="SKIP" signature="verifyContactDetails()[pri:1, instance:com.reobeen.qa.testcase.ContactTest@5e853265]" name="verifyContactDetails" duration-ms="2" started-at="2021-09-21T09:23:18 IST" finished-at="2021-09-21T09:23:18 IST">
          <exception class="org.openqa.selenium.WebDriverException">
            <message>
              <![CDATA[chrome not reachable
Build info: version: '3.141.59', revision: 'e82be7d358', time: '2018-11-14T08:17:03'
System info: host: 'LAPTOP-7BGC73VB', ip: '192.168.1.7', os.name: 'Windows 10', os.arch: 'amd64', os.version: '10.0', java.version: '1.8.0_291'
Driver info: driver.version: ChromeDriver
remote stacktrace: Backtrace:
Ordinal0 [0x0124A2D3+2663123]
Ordinal0 [0x011DA491+2204817]
Ordinal0 [0x010C1FE0+1056736]
Ordinal0 [0x010B6F95+1011605]
Ordinal0 [0x010DFD61+1178977]
Ordinal0 [0x010DC335+1164085]
Ordinal0 [0x010D9B7F+1153919]
Ordinal0 [0x01109D8F+1351055]
Ordinal0 [0x011099FA+1350138]
Ordinal0 [0x0110589B+1333403]
Ordinal0 [0x010E1F74+1187700]
Ordinal0 [0x010E2DC9+1191369]
GetHandleVerifier [0x013E30D6+1610054]
GetHandleVerifier [0x0148B53B+2299307]
GetHandleVerifier [0x012D8DA9+519705]
GetHandleVerifier [0x012D7759+513993]
Ordinal0 [0x011E112D+2232621]
Ordinal0 [0x011E55F8+2250232]
Ordinal0 [0x011E5732+2250546]
Ordinal0 [0x011EE591+2286993]
BaseThreadInitThunk [0x76B9FA29+25]
RtlGetAppContainerNamedObjectPath [0x770B7A9E+286]
RtlGetAppContainerNamedObjectPath [0x770B7A6E+238]
]]>
            </message>
            <full-stacktrace>
              <![CDATA[org.openqa.selenium.WebDriverException: chrome not reachable
Build info: version: '3.141.59', revision: 'e82be7d358', time: '2018-11-14T08:17:03'
System info: host: 'LAPTOP-7BGC73VB', ip: '192.168.1.7', os.name: 'Windows 10', os.arch: 'amd64', os.version: '10.0', java.version: '1.8.0_291'
Driver info: driver.version: ChromeDriver
remote stacktrace: Backtrace:
Ordinal0 [0x0124A2D3+2663123]
Ordinal0 [0x011DA491+2204817]
Ordinal0 [0x010C1FE0+1056736]
Ordinal0 [0x010B6F95+1011605]
Ordinal0 [0x010DFD61+1178977]
Ordinal0 [0x010DC335+1164085]
Ordinal0 [0x010D9B7F+1153919]
Ordinal0 [0x01109D8F+1351055]
Ordinal0 [0x011099FA+1350138]
Ordinal0 [0x0110589B+1333403]
Ordinal0 [0x010E1F74+1187700]
Ordinal0 [0x010E2DC9+1191369]
GetHandleVerifier [0x013E30D6+1610054]
GetHandleVerifier [0x0148B53B+2299307]
GetHandleVerifier [0x012D8DA9+519705]
GetHandleVerifier [0x012D7759+513993]
Ordinal0 [0x011E112D+2232621]
Ordinal0 [0x011E55F8+2250232]
Ordinal0 [0x011E5732+2250546]
Ordinal0 [0x011EE591+2286993]
BaseThreadInitThunk [0x76B9FA29+25]
RtlGetAppContainerNamedObjectPath [0x770B7A9E+286]
RtlGetAppContainerNamedObjectPath [0x770B7A6E+238]

at sun.reflect.NativeConstructorAccessorImpl.newInstance0(Native Method)
at sun.reflect.NativeConstructorAccessorImpl.newInstance(NativeConstructorAccessorImpl.java:62)
at sun.reflect.DelegatingConstructorAccessorImpl.newInstance(DelegatingConstructorAccessorImpl.java:45)
at java.lang.reflect.Constructor.newInstance(Constructor.java:423)
at org.openqa.selenium.remote.W3CHandshakeResponse.lambda$errorHandler$0(W3CHandshakeResponse.java:62)
at org.openqa.selenium.remote.HandshakeResponse.lambda$getResponseFunction$0(HandshakeResponse.java:30)
at org.openqa.selenium.remote.ProtocolHandshake.lambda$createSession$0(ProtocolHandshake.java:126)
at java.util.stream.ReferencePipeline$3$1.accept(ReferencePipeline.java:193)
at java.util.Spliterators$ArraySpliterator.tryAdvance(Spliterators.java:958)
at java.util.stream.ReferencePipeline.forEachWithCancel(ReferencePipeline.java:126)
at java.util.stream.AbstractPipeline.copyIntoWithCancel(AbstractPipeline.java:499)
at java.util.stream.AbstractPipeline.copyInto(AbstractPipeline.java:486)
at java.util.stream.AbstractPipeline.wrapAndCopyInto(AbstractPipeline.java:472)
at java.util.stream.FindOps$FindOp.evaluateSequential(FindOps.java:152)
at java.util.stream.AbstractPipeline.evaluate(AbstractPipeline.java:234)
at java.util.stream.ReferencePipeline.findFirst(ReferencePipeline.java:464)
at org.openqa.selenium.remote.ProtocolHandshake.createSession(ProtocolHandshake.java:128)
at org.openqa.selenium.remote.ProtocolHandshake.createSession(ProtocolHandshake.java:74)
at org.openqa.selenium.remote.HttpCommandExecutor.execute(HttpCommandExecutor.java:136)
at org.openqa.selenium.remote.service.DriverCommandExecutor.execute(DriverCommandExecutor.java:83)
at org.openqa.selenium.remote.RemoteWebDriver.execute(RemoteWebDriver.java:552)
at org.openqa.selenium.remote.RemoteWebDriver.startSession(RemoteWebDriver.java:213)
at org.openqa.selenium.remote.RemoteWebDriver.<init>(RemoteWebDriver.java:131)
at org.openqa.selenium.chrome.ChromeDriver.<init>(ChromeDriver.java:181)
at org.openqa.selenium.chrome.ChromeDriver.<init>(ChromeDriver.java:168)
at org.openqa.selenium.chrome.ChromeDriver.<init>(ChromeDriver.java:123)
at com.reobeen.qa.testcase.BaseTest.beforeTest(BaseTest.java:51)
at sun.reflect.NativeMethodAccessorImpl.invoke0(Native Method)
at sun.reflect.NativeMethodAccessorImpl.invoke(NativeMethodAccessorImpl.java:62)
at sun.reflect.DelegatingMethodAccessorImpl.invoke(DelegatingMethodAccessorImpl.java:43)
at java.lang.reflect.Method.invoke(Method.java:498)
at org.testng.internal.MethodInvocationHelper.invokeMethod(MethodInvocationHelper.java:133)
at org.testng.internal.MethodInvocationHelper.invokeMethodConsideringTimeout(MethodInvocationHelper.java:62)
at org.testng.internal.ConfigInvoker.invokeConfigurationMethod(ConfigInvoker.java:385)
at org.testng.internal.ConfigInvoker.invokeConfigurations(ConfigInvoker.java:321)
at org.testng.internal.TestMethodWorker.invokeBeforeClassMethods(TestMethodWorker.java:176)
at org.testng.internal.TestMethodWorker.run(TestMethodWorker.java:122)
at java.util.ArrayList.forEach(ArrayList.java:1259)
at org.testng.TestRunner.privateRun(TestRunner.java:794)
at org.testng.TestRunner.run(TestRunner.java:596)
at org.testng.SuiteRunner.runTest(SuiteRunner.java:377)
at org.testng.SuiteRunner.runSequentially(SuiteRunner.java:371)
at org.testng.SuiteRunner.privateRun(SuiteRunner.java:332)
at org.testng.SuiteRunner.run(SuiteRunner.java:276)
at org.testng.SuiteRunnerWorker.runSuite(SuiteRunnerWorker.java:53)
at org.testng.SuiteRunnerWorker.run(SuiteRunnerWorker.java:96)
at org.testng.TestNG.runSuitesSequentially(TestNG.java:1212)
at org.testng.TestNG.runSuitesLocally(TestNG.java:1134)
at org.testng.TestNG.runSuites(TestNG.java:1063)
at org.testng.TestNG.run(TestNG.java:1031)
at org.apache.maven.surefire.testng.TestNGExecutor.run(TestNGExecutor.java:284)
at org.apache.maven.surefire.testng.TestNGXmlTestSuite.execute(TestNGXmlTestSuite.java:75)
at org.apache.maven.surefire.testng.TestNGProvider.invoke(TestNGProvider.java:119)
at org.apache.maven.surefire.booter.ForkedBooter.runSuitesInProcess(ForkedBooter.java:428)
at org.apache.maven.surefire.booter.ForkedBooter.execute(ForkedBooter.java:162)
at org.apache.maven.surefire.booter.ForkedBooter.run(ForkedBooter.java:562)
at org.apache.maven.surefire.booter.ForkedBooter.main(ForkedBooter.java:548)
]]>
            </full-stacktrace>
          </exception> <!-- org.openqa.selenium.WebDriverException -->
          <reporter-output>
          </reporter-output>
        </test-method> <!-- verifyContactDetails -->
        <test-method status="SKIP" signature="takeScreenshotOnFailure(org.testng.ITestResult)[pri:0, instance:com.reobeen.qa.testcase.ContactTest@5e853265]" name="takeScreenshotOnFailure" is-config="true" duration-ms="-1632196398655" started-at="2021-09-21T09:23:18 IST" finished-at="1970-01-01T05:30:00 IST">
          <reporter-output>
          </reporter-output>
        </test-method> <!-- takeScreenshotOnFailure -->
        <test-method status="SKIP" signature="verifyUploadContact()[pri:2, instance:com.reobeen.qa.testcase.ContactTest@5e853265]" name="verifyUploadContact" duration-ms="0" started-at="2021-09-21T09:23:18 IST" finished-at="2021-09-21T09:23:18 IST">
          <exception class="org.openqa.selenium.WebDriverException">
            <message>
              <![CDATA[chrome not reachable
Build info: version: '3.141.59', revision: 'e82be7d358', time: '2018-11-14T08:17:03'
System info: host: 'LAPTOP-7BGC73VB', ip: '192.168.1.7', os.name: 'Windows 10', os.arch: 'amd64', os.version: '10.0', java.version: '1.8.0_291'
Driver info: driver.version: ChromeDriver
remote stacktrace: Backtrace:
Ordinal0 [0x0124A2D3+2663123]
Ordinal0 [0x011DA491+2204817]
Ordinal0 [0x010C1FE0+1056736]
Ordinal0 [0x010B6F95+1011605]
Ordinal0 [0x010DFD61+1178977]
Ordinal0 [0x010DC335+1164085]
Ordinal0 [0x010D9B7F+1153919]
Ordinal0 [0x01109D8F+1351055]
Ordinal0 [0x011099FA+1350138]
Ordinal0 [0x0110589B+1333403]
Ordinal0 [0x010E1F74+1187700]
Ordinal0 [0x010E2DC9+1191369]
GetHandleVerifier [0x013E30D6+1610054]
GetHandleVerifier [0x0148B53B+2299307]
GetHandleVerifier [0x012D8DA9+519705]
GetHandleVerifier [0x012D7759+513993]
Ordinal0 [0x011E112D+2232621]
Ordinal0 [0x011E55F8+2250232]
Ordinal0 [0x011E5732+2250546]
Ordinal0 [0x011EE591+2286993]
BaseThreadInitThunk [0x76B9FA29+25]
RtlGetAppContainerNamedObjectPath [0x770B7A9E+286]
RtlGetAppContainerNamedObjectPath [0x770B7A6E+238]
]]>
            </message>
            <full-stacktrace>
              <![CDATA[org.openqa.selenium.WebDriverException: chrome not reachable
Build info: version: '3.141.59', revision: 'e82be7d358', time: '2018-11-14T08:17:03'
System info: host: 'LAPTOP-7BGC73VB', ip: '192.168.1.7', os.name: 'Windows 10', os.arch: 'amd64', os.version: '10.0', java.version: '1.8.0_291'
Driver info: driver.version: ChromeDriver
remote stacktrace: Backtrace:
Ordinal0 [0x0124A2D3+2663123]
Ordinal0 [0x011DA491+2204817]
Ordinal0 [0x010C1FE0+1056736]
Ordinal0 [0x010B6F95+1011605]
Ordinal0 [0x010DFD61+1178977]
Ordinal0 [0x010DC335+1164085]
Ordinal0 [0x010D9B7F+1153919]
Ordinal0 [0x01109D8F+1351055]
Ordinal0 [0x011099FA+1350138]
Ordinal0 [0x0110589B+1333403]
Ordinal0 [0x010E1F74+1187700]
Ordinal0 [0x010E2DC9+1191369]
GetHandleVerifier [0x013E30D6+1610054]
GetHandleVerifier [0x0148B53B+2299307]
GetHandleVerifier [0x012D8DA9+519705]
GetHandleVerifier [0x012D7759+513993]
Ordinal0 [0x011E112D+2232621]
Ordinal0 [0x011E55F8+2250232]
Ordinal0 [0x011E5732+2250546]
Ordinal0 [0x011EE591+2286993]
BaseThreadInitThunk [0x76B9FA29+25]
RtlGetAppContainerNamedObjectPath [0x770B7A9E+286]
RtlGetAppContainerNamedObjectPath [0x770B7A6E+238]

at sun.reflect.NativeConstructorAccessorImpl.newInstance0(Native Method)
at sun.reflect.NativeConstructorAccessorImpl.newInstance(NativeConstructorAccessorImpl.java:62)
at sun.reflect.DelegatingConstructorAccessorImpl.newInstance(DelegatingConstructorAccessorImpl.java:45)
at java.lang.reflect.Constructor.newInstance(Constructor.java:423)
at org.openqa.selenium.remote.W3CHandshakeResponse.lambda$errorHandler$0(W3CHandshakeResponse.java:62)
at org.openqa.selenium.remote.HandshakeResponse.lambda$getResponseFunction$0(HandshakeResponse.java:30)
at org.openqa.selenium.remote.ProtocolHandshake.lambda$createSession$0(ProtocolHandshake.java:126)
at java.util.stream.ReferencePipeline$3$1.accept(ReferencePipeline.java:193)
at java.util.Spliterators$ArraySpliterator.tryAdvance(Spliterators.java:958)
at java.util.stream.ReferencePipeline.forEachWithCancel(ReferencePipeline.java:126)
at java.util.stream.AbstractPipeline.copyIntoWithCancel(AbstractPipeline.java:499)
at java.util.stream.AbstractPipeline.copyInto(AbstractPipeline.java:486)
at java.util.stream.AbstractPipeline.wrapAndCopyInto(AbstractPipeline.java:472)
at java.util.stream.FindOps$FindOp.evaluateSequential(FindOps.java:152)
at java.util.stream.AbstractPipeline.evaluate(AbstractPipeline.java:234)
at java.util.stream.ReferencePipeline.findFirst(ReferencePipeline.java:464)
at org.openqa.selenium.remote.ProtocolHandshake.createSession(ProtocolHandshake.java:128)
at org.openqa.selenium.remote.ProtocolHandshake.createSession(ProtocolHandshake.java:74)
at org.openqa.selenium.remote.HttpCommandExecutor.execute(HttpCommandExecutor.java:136)
at org.openqa.selenium.remote.service.DriverCommandExecutor.execute(DriverCommandExecutor.java:83)
at org.openqa.selenium.remote.RemoteWebDriver.execute(RemoteWebDriver.java:552)
at org.openqa.selenium.remote.RemoteWebDriver.startSession(RemoteWebDriver.java:213)
at org.openqa.selenium.remote.RemoteWebDriver.<init>(RemoteWebDriver.java:131)
at org.openqa.selenium.chrome.ChromeDriver.<init>(ChromeDriver.java:181)
at org.openqa.selenium.chrome.ChromeDriver.<init>(ChromeDriver.java:168)
at org.openqa.selenium.chrome.ChromeDriver.<init>(ChromeDriver.java:123)
at com.reobeen.qa.testcase.BaseTest.beforeTest(BaseTest.java:51)
at sun.reflect.NativeMethodAccessorImpl.invoke0(Native Method)
at sun.reflect.NativeMethodAccessorImpl.invoke(NativeMethodAccessorImpl.java:62)
at sun.reflect.DelegatingMethodAccessorImpl.invoke(DelegatingMethodAccessorImpl.java:43)
at java.lang.reflect.Method.invoke(Method.java:498)
at org.testng.internal.MethodInvocationHelper.invokeMethod(MethodInvocationHelper.java:133)
at org.testng.internal.MethodInvocationHelper.invokeMethodConsideringTimeout(MethodInvocationHelper.java:62)
at org.testng.internal.ConfigInvoker.invokeConfigurationMethod(ConfigInvoker.java:385)
at org.testng.internal.ConfigInvoker.invokeConfigurations(ConfigInvoker.java:321)
at org.testng.internal.TestMethodWorker.invokeBeforeClassMethods(TestMethodWorker.java:176)
at org.testng.internal.TestMethodWorker.run(TestMethodWorker.java:122)
at java.util.ArrayList.forEach(ArrayList.java:1259)
at org.testng.TestRunner.privateRun(TestRunner.java:794)
at org.testng.TestRunner.run(TestRunner.java:596)
at org.testng.SuiteRunner.runTest(SuiteRunner.java:377)
at org.testng.SuiteRunner.runSequentially(SuiteRunner.java:371)
at org.testng.SuiteRunner.privateRun(SuiteRunner.java:332)
at org.testng.SuiteRunner.run(SuiteRunner.java:276)
at org.testng.SuiteRunnerWorker.runSuite(SuiteRunnerWorker.java:53)
at org.testng.SuiteRunnerWorker.run(SuiteRunnerWorker.java:96)
at org.testng.TestNG.runSuitesSequentially(TestNG.java:1212)
at org.testng.TestNG.runSuitesLocally(TestNG.java:1134)
at org.testng.TestNG.runSuites(TestNG.java:1063)
at org.testng.TestNG.run(TestNG.java:1031)
at org.apache.maven.surefire.testng.TestNGExecutor.run(TestNGExecutor.java:284)
at org.apache.maven.surefire.testng.TestNGXmlTestSuite.execute(TestNGXmlTestSuite.java:75)
at org.apache.maven.surefire.testng.TestNGProvider.invoke(TestNGProvider.java:119)
at org.apache.maven.surefire.booter.ForkedBooter.runSuitesInProcess(ForkedBooter.java:428)
at org.apache.maven.surefire.booter.ForkedBooter.execute(ForkedBooter.java:162)
at org.apache.maven.surefire.booter.ForkedBooter.run(ForkedBooter.java:562)
at org.apache.maven.surefire.booter.ForkedBooter.main(ForkedBooter.java:548)
]]>
            </full-stacktrace>
          </exception> <!-- org.openqa.selenium.WebDriverException -->
          <reporter-output>
          </reporter-output>
        </test-method> <!-- verifyUploadContact -->
        <test-method status="SKIP" signature="takeScreenshotOnFailure(org.testng.ITestResult)[pri:0, instance:com.reobeen.qa.testcase.ContactTest@5e853265]" name="takeScreenshotOnFailure" is-config="true" duration-ms="-1632196398660" started-at="2021-09-21T09:23:18 IST" finished-at="1970-01-01T05:30:00 IST">
          <reporter-output>
          </reporter-output>
        </test-method> <!-- takeScreenshotOnFailure -->
        <test-method status="SKIP" signature="takeScreenshotOnFailure(org.testng.ITestResult)[pri:0, instance:com.reobeen.qa.testcase.ContactTest@5e853265]" name="takeScreenshotOnFailure" is-config="true" duration-ms="-1632196406868" started-at="2021-09-21T09:23:26 IST" finished-at="1970-01-01T05:30:00 IST">
          <reporter-output>
          </reporter-output>
        </test-method> <!-- takeScreenshotOnFailure -->
        <test-method status="SKIP" signature="verifyEditCustomerDetails(java.lang.String)[pri:3, instance:com.reobeen.qa.testcase.ContactTest@5e853265]" name="verifyEditCustomerDetails" duration-ms="0" started-at="2021-09-21T09:23:26 IST" data-provider="editDetails" finished-at="2021-09-21T09:23:26 IST">
          <params>
            <param index="0">
              <value>
                <![CDATA[Anantarathomas]]>
              </value>
            </param>
          </params>
          <exception class="org.openqa.selenium.WebDriverException">
            <message>
              <![CDATA[chrome not reachable
Build info: version: '3.141.59', revision: 'e82be7d358', time: '2018-11-14T08:17:03'
System info: host: 'LAPTOP-7BGC73VB', ip: '192.168.1.7', os.name: 'Windows 10', os.arch: 'amd64', os.version: '10.0', java.version: '1.8.0_291'
Driver info: driver.version: ChromeDriver
remote stacktrace: Backtrace:
Ordinal0 [0x0124A2D3+2663123]
Ordinal0 [0x011DA491+2204817]
Ordinal0 [0x010C1FE0+1056736]
Ordinal0 [0x010B6F95+1011605]
Ordinal0 [0x010DFD61+1178977]
Ordinal0 [0x010DC335+1164085]
Ordinal0 [0x010D9B7F+1153919]
Ordinal0 [0x01109D8F+1351055]
Ordinal0 [0x011099FA+1350138]
Ordinal0 [0x0110589B+1333403]
Ordinal0 [0x010E1F74+1187700]
Ordinal0 [0x010E2DC9+1191369]
GetHandleVerifier [0x013E30D6+1610054]
GetHandleVerifier [0x0148B53B+2299307]
GetHandleVerifier [0x012D8DA9+519705]
GetHandleVerifier [0x012D7759+513993]
Ordinal0 [0x011E112D+2232621]
Ordinal0 [0x011E55F8+2250232]
Ordinal0 [0x011E5732+2250546]
Ordinal0 [0x011EE591+2286993]
BaseThreadInitThunk [0x76B9FA29+25]
RtlGetAppContainerNamedObjectPath [0x770B7A9E+286]
RtlGetAppContainerNamedObjectPath [0x770B7A6E+238]
]]>
            </message>
            <full-stacktrace>
              <![CDATA[org.openqa.selenium.WebDriverException: chrome not reachable
Build info: version: '3.141.59', revision: 'e82be7d358', time: '2018-11-14T08:17:03'
System info: host: 'LAPTOP-7BGC73VB', ip: '192.168.1.7', os.name: 'Windows 10', os.arch: 'amd64', os.version: '10.0', java.version: '1.8.0_291'
Driver info: driver.version: ChromeDriver
remote stacktrace: Backtrace:
Ordinal0 [0x0124A2D3+2663123]
Ordinal0 [0x011DA491+2204817]
Ordinal0 [0x010C1FE0+1056736]
Ordinal0 [0x010B6F95+1011605]
Ordinal0 [0x010DFD61+1178977]
Ordinal0 [0x010DC335+1164085]
Ordinal0 [0x010D9B7F+1153919]
Ordinal0 [0x01109D8F+1351055]
Ordinal0 [0x011099FA+1350138]
Ordinal0 [0x0110589B+1333403]
Ordinal0 [0x010E1F74+1187700]
Ordinal0 [0x010E2DC9+1191369]
GetHandleVerifier [0x013E30D6+1610054]
GetHandleVerifier [0x0148B53B+2299307]
GetHandleVerifier [0x012D8DA9+519705]
GetHandleVerifier [0x012D7759+513993]
Ordinal0 [0x011E112D+2232621]
Ordinal0 [0x011E55F8+2250232]
Ordinal0 [0x011E5732+2250546]
Ordinal0 [0x011EE591+2286993]
BaseThreadInitThunk [0x76B9FA29+25]
RtlGetAppContainerNamedObjectPath [0x770B7A9E+286]
RtlGetAppContainerNamedObjectPath [0x770B7A6E+238]

at sun.reflect.NativeConstructorAccessorImpl.newInstance0(Native Method)
at sun.reflect.NativeConstructorAccessorImpl.newInstance(NativeConstructorAccessorImpl.java:62)
at sun.reflect.DelegatingConstructorAccessorImpl.newInstance(DelegatingConstructorAccessorImpl.java:45)
at java.lang.reflect.Constructor.newInstance(Constructor.java:423)
at org.openqa.selenium.remote.W3CHandshakeResponse.lambda$errorHandler$0(W3CHandshakeResponse.java:62)
at org.openqa.selenium.remote.HandshakeResponse.lambda$getResponseFunction$0(HandshakeResponse.java:30)
at org.openqa.selenium.remote.ProtocolHandshake.lambda$createSession$0(ProtocolHandshake.java:126)
at java.util.stream.ReferencePipeline$3$1.accept(ReferencePipeline.java:193)
at java.util.Spliterators$ArraySpliterator.tryAdvance(Spliterators.java:958)
at java.util.stream.ReferencePipeline.forEachWithCancel(ReferencePipeline.java:126)
at java.util.stream.AbstractPipeline.copyIntoWithCancel(AbstractPipeline.java:499)
at java.util.stream.AbstractPipeline.copyInto(AbstractPipeline.java:486)
at java.util.stream.AbstractPipeline.wrapAndCopyInto(AbstractPipeline.java:472)
at java.util.stream.FindOps$FindOp.evaluateSequential(FindOps.java:152)
at java.util.stream.AbstractPipeline.evaluate(AbstractPipeline.java:234)
at java.util.stream.ReferencePipeline.findFirst(ReferencePipeline.java:464)
at org.openqa.selenium.remote.ProtocolHandshake.createSession(ProtocolHandshake.java:128)
at org.openqa.selenium.remote.ProtocolHandshake.createSession(ProtocolHandshake.java:74)
at org.openqa.selenium.remote.HttpCommandExecutor.execute(HttpCommandExecutor.java:136)
at org.openqa.selenium.remote.service.DriverCommandExecutor.execute(DriverCommandExecutor.java:83)
at org.openqa.selenium.remote.RemoteWebDriver.execute(RemoteWebDriver.java:552)
at org.openqa.selenium.remote.RemoteWebDriver.startSession(RemoteWebDriver.java:213)
at org.openqa.selenium.remote.RemoteWebDriver.<init>(RemoteWebDriver.java:131)
at org.openqa.selenium.chrome.ChromeDriver.<init>(ChromeDriver.java:181)
at org.openqa.selenium.chrome.ChromeDriver.<init>(ChromeDriver.java:168)
at org.openqa.selenium.chrome.ChromeDriver.<init>(ChromeDriver.java:123)
at com.reobeen.qa.testcase.BaseTest.beforeTest(BaseTest.java:51)
at sun.reflect.NativeMethodAccessorImpl.invoke0(Native Method)
at sun.reflect.NativeMethodAccessorImpl.invoke(NativeMethodAccessorImpl.java:62)
at sun.reflect.DelegatingMethodAccessorImpl.invoke(DelegatingMethodAccessorImpl.java:43)
at java.lang.reflect.Method.invoke(Method.java:498)
at org.testng.internal.MethodInvocationHelper.invokeMethod(MethodInvocationHelper.java:133)
at org.testng.internal.MethodInvocationHelper.invokeMethodConsideringTimeout(MethodInvocationHelper.java:62)
at org.testng.internal.ConfigInvoker.invokeConfigurationMethod(ConfigInvoker.java:385)
at org.testng.internal.ConfigInvoker.invokeConfigurations(ConfigInvoker.java:321)
at org.testng.internal.TestMethodWorker.invokeBeforeClassMethods(TestMethodWorker.java:176)
at org.testng.internal.TestMethodWorker.run(TestMethodWorker.java:122)
at java.util.ArrayList.forEach(ArrayList.java:1259)
at org.testng.TestRunner.privateRun(TestRunner.java:794)
at org.testng.TestRunner.run(TestRunner.java:596)
at org.testng.SuiteRunner.runTest(SuiteRunner.java:377)
at org.testng.SuiteRunner.runSequentially(SuiteRunner.java:371)
at org.testng.SuiteRunner.privateRun(SuiteRunner.java:332)
at org.testng.SuiteRunner.run(SuiteRunner.java:276)
at org.testng.SuiteRunnerWorker.runSuite(SuiteRunnerWorker.java:53)
at org.testng.SuiteRunnerWorker.run(SuiteRunnerWorker.java:96)
at org.testng.TestNG.runSuitesSequentially(TestNG.java:1212)
at org.testng.TestNG.runSuitesLocally(TestNG.java:1134)
at org.testng.TestNG.runSuites(TestNG.java:1063)
at org.testng.TestNG.run(TestNG.java:1031)
at org.apache.maven.surefire.testng.TestNGExecutor.run(TestNGExecutor.java:284)
at org.apache.maven.surefire.testng.TestNGXmlTestSuite.execute(TestNGXmlTestSuite.java:75)
at org.apache.maven.surefire.testng.TestNGProvider.invoke(TestNGProvider.java:119)
at org.apache.maven.surefire.booter.ForkedBooter.runSuitesInProcess(ForkedBooter.java:428)
at org.apache.maven.surefire.booter.ForkedBooter.execute(ForkedBooter.java:162)
at org.apache.maven.surefire.booter.ForkedBooter.run(ForkedBooter.java:562)
at org.apache.maven.surefire.booter.ForkedBooter.main(ForkedBooter.java:548)
]]>
            </full-stacktrace>
          </exception> <!-- org.openqa.selenium.WebDriverException -->
          <reporter-output>
          </reporter-output>
        </test-method> <!-- verifyEditCustomerDetails -->
        <test-method status="SKIP" signature="verifyDeleteCustomerDetails()[pri:4, instance:com.reobeen.qa.testcase.ContactTest@5e853265]" name="verifyDeleteCustomerDetails" duration-ms="0" started-at="2021-09-21T09:23:26 IST" finished-at="2021-09-21T09:23:26 IST">
          <exception class="org.openqa.selenium.WebDriverException">
            <message>
              <![CDATA[chrome not reachable
Build info: version: '3.141.59', revision: 'e82be7d358', time: '2018-11-14T08:17:03'
System info: host: 'LAPTOP-7BGC73VB', ip: '192.168.1.7', os.name: 'Windows 10', os.arch: 'amd64', os.version: '10.0', java.version: '1.8.0_291'
Driver info: driver.version: ChromeDriver
remote stacktrace: Backtrace:
Ordinal0 [0x0124A2D3+2663123]
Ordinal0 [0x011DA491+2204817]
Ordinal0 [0x010C1FE0+1056736]
Ordinal0 [0x010B6F95+1011605]
Ordinal0 [0x010DFD61+1178977]
Ordinal0 [0x010DC335+1164085]
Ordinal0 [0x010D9B7F+1153919]
Ordinal0 [0x01109D8F+1351055]
Ordinal0 [0x011099FA+1350138]
Ordinal0 [0x0110589B+1333403]
Ordinal0 [0x010E1F74+1187700]
Ordinal0 [0x010E2DC9+1191369]
GetHandleVerifier [0x013E30D6+1610054]
GetHandleVerifier [0x0148B53B+2299307]
GetHandleVerifier [0x012D8DA9+519705]
GetHandleVerifier [0x012D7759+513993]
Ordinal0 [0x011E112D+2232621]
Ordinal0 [0x011E55F8+2250232]
Ordinal0 [0x011E5732+2250546]
Ordinal0 [0x011EE591+2286993]
BaseThreadInitThunk [0x76B9FA29+25]
RtlGetAppContainerNamedObjectPath [0x770B7A9E+286]
RtlGetAppContainerNamedObjectPath [0x770B7A6E+238]
]]>
            </message>
            <full-stacktrace>
              <![CDATA[org.openqa.selenium.WebDriverException: chrome not reachable
Build info: version: '3.141.59', revision: 'e82be7d358', time: '2018-11-14T08:17:03'
System info: host: 'LAPTOP-7BGC73VB', ip: '192.168.1.7', os.name: 'Windows 10', os.arch: 'amd64', os.version: '10.0', java.version: '1.8.0_291'
Driver info: driver.version: ChromeDriver
remote stacktrace: Backtrace:
Ordinal0 [0x0124A2D3+2663123]
Ordinal0 [0x011DA491+2204817]
Ordinal0 [0x010C1FE0+1056736]
Ordinal0 [0x010B6F95+1011605]
Ordinal0 [0x010DFD61+1178977]
Ordinal0 [0x010DC335+1164085]
Ordinal0 [0x010D9B7F+1153919]
Ordinal0 [0x01109D8F+1351055]
Ordinal0 [0x011099FA+1350138]
Ordinal0 [0x0110589B+1333403]
Ordinal0 [0x010E1F74+1187700]
Ordinal0 [0x010E2DC9+1191369]
GetHandleVerifier [0x013E30D6+1610054]
GetHandleVerifier [0x0148B53B+2299307]
GetHandleVerifier [0x012D8DA9+519705]
GetHandleVerifier [0x012D7759+513993]
Ordinal0 [0x011E112D+2232621]
Ordinal0 [0x011E55F8+2250232]
Ordinal0 [0x011E5732+2250546]
Ordinal0 [0x011EE591+2286993]
BaseThreadInitThunk [0x76B9FA29+25]
RtlGetAppContainerNamedObjectPath [0x770B7A9E+286]
RtlGetAppContainerNamedObjectPath [0x770B7A6E+238]

at sun.reflect.NativeConstructorAccessorImpl.newInstance0(Native Method)
at sun.reflect.NativeConstructorAccessorImpl.newInstance(NativeConstructorAccessorImpl.java:62)
at sun.reflect.DelegatingConstructorAccessorImpl.newInstance(DelegatingConstructorAccessorImpl.java:45)
at java.lang.reflect.Constructor.newInstance(Constructor.java:423)
at org.openqa.selenium.remote.W3CHandshakeResponse.lambda$errorHandler$0(W3CHandshakeResponse.java:62)
at org.openqa.selenium.remote.HandshakeResponse.lambda$getResponseFunction$0(HandshakeResponse.java:30)
at org.openqa.selenium.remote.ProtocolHandshake.lambda$createSession$0(ProtocolHandshake.java:126)
at java.util.stream.ReferencePipeline$3$1.accept(ReferencePipeline.java:193)
at java.util.Spliterators$ArraySpliterator.tryAdvance(Spliterators.java:958)
at java.util.stream.ReferencePipeline.forEachWithCancel(ReferencePipeline.java:126)
at java.util.stream.AbstractPipeline.copyIntoWithCancel(AbstractPipeline.java:499)
at java.util.stream.AbstractPipeline.copyInto(AbstractPipeline.java:486)
at java.util.stream.AbstractPipeline.wrapAndCopyInto(AbstractPipeline.java:472)
at java.util.stream.FindOps$FindOp.evaluateSequential(FindOps.java:152)
at java.util.stream.AbstractPipeline.evaluate(AbstractPipeline.java:234)
at java.util.stream.ReferencePipeline.findFirst(ReferencePipeline.java:464)
at org.openqa.selenium.remote.ProtocolHandshake.createSession(ProtocolHandshake.java:128)
at org.openqa.selenium.remote.ProtocolHandshake.createSession(ProtocolHandshake.java:74)
at org.openqa.selenium.remote.HttpCommandExecutor.execute(HttpCommandExecutor.java:136)
at org.openqa.selenium.remote.service.DriverCommandExecutor.execute(DriverCommandExecutor.java:83)
at org.openqa.selenium.remote.RemoteWebDriver.execute(RemoteWebDriver.java:552)
at org.openqa.selenium.remote.RemoteWebDriver.startSession(RemoteWebDriver.java:213)
at org.openqa.selenium.remote.RemoteWebDriver.<init>(RemoteWebDriver.java:131)
at org.openqa.selenium.chrome.ChromeDriver.<init>(ChromeDriver.java:181)
at org.openqa.selenium.chrome.ChromeDriver.<init>(ChromeDriver.java:168)
at org.openqa.selenium.chrome.ChromeDriver.<init>(ChromeDriver.java:123)
at com.reobeen.qa.testcase.BaseTest.beforeTest(BaseTest.java:51)
at sun.reflect.NativeMethodAccessorImpl.invoke0(Native Method)
at sun.reflect.NativeMethodAccessorImpl.invoke(NativeMethodAccessorImpl.java:62)
at sun.reflect.DelegatingMethodAccessorImpl.invoke(DelegatingMethodAccessorImpl.java:43)
at java.lang.reflect.Method.invoke(Method.java:498)
at org.testng.internal.MethodInvocationHelper.invokeMethod(MethodInvocationHelper.java:133)
at org.testng.internal.MethodInvocationHelper.invokeMethodConsideringTimeout(MethodInvocationHelper.java:62)
at org.testng.internal.ConfigInvoker.invokeConfigurationMethod(ConfigInvoker.java:385)
at org.testng.internal.ConfigInvoker.invokeConfigurations(ConfigInvoker.java:321)
at org.testng.internal.TestMethodWorker.invokeBeforeClassMethods(TestMethodWorker.java:176)
at org.testng.internal.TestMethodWorker.run(TestMethodWorker.java:122)
at java.util.ArrayList.forEach(ArrayList.java:1259)
at org.testng.TestRunner.privateRun(TestRunner.java:794)
at org.testng.TestRunner.run(TestRunner.java:596)
at org.testng.SuiteRunner.runTest(SuiteRunner.java:377)
at org.testng.SuiteRunner.runSequentially(SuiteRunner.java:371)
at org.testng.SuiteRunner.privateRun(SuiteRunner.java:332)
at org.testng.SuiteRunner.run(SuiteRunner.java:276)
at org.testng.SuiteRunnerWorker.runSuite(SuiteRunnerWorker.java:53)
at org.testng.SuiteRunnerWorker.run(SuiteRunnerWorker.java:96)
at org.testng.TestNG.runSuitesSequentially(TestNG.java:1212)
at org.testng.TestNG.runSuitesLocally(TestNG.java:1134)
at org.testng.TestNG.runSuites(TestNG.java:1063)
at org.testng.TestNG.run(TestNG.java:1031)
at org.apache.maven.surefire.testng.TestNGExecutor.run(TestNGExecutor.java:284)
at org.apache.maven.surefire.testng.TestNGXmlTestSuite.execute(TestNGXmlTestSuite.java:75)
at org.apache.maven.surefire.testng.TestNGProvider.invoke(TestNGProvider.java:119)
at org.apache.maven.surefire.booter.ForkedBooter.runSuitesInProcess(ForkedBooter.java:428)
at org.apache.maven.surefire.booter.ForkedBooter.execute(ForkedBooter.java:162)
at org.apache.maven.surefire.booter.ForkedBooter.run(ForkedBooter.java:562)
at org.apache.maven.surefire.booter.ForkedBooter.main(ForkedBooter.java:548)
]]>
            </full-stacktrace>
          </exception> <!-- org.openqa.selenium.WebDriverException -->
          <reporter-output>
          </reporter-output>
        </test-method> <!-- verifyDeleteCustomerDetails -->
        <test-method status="SKIP" signature="verifyViewContactDetails()[pri:5, instance:com.reobeen.qa.testcase.ContactTest@5e853265]" name="verifyViewContactDetails" duration-ms="0" started-at="2021-09-21T09:23:26 IST" finished-at="2021-09-21T09:23:26 IST">
          <exception class="org.openqa.selenium.WebDriverException">
            <message>
              <![CDATA[chrome not reachable
Build info: version: '3.141.59', revision: 'e82be7d358', time: '2018-11-14T08:17:03'
System info: host: 'LAPTOP-7BGC73VB', ip: '192.168.1.7', os.name: 'Windows 10', os.arch: 'amd64', os.version: '10.0', java.version: '1.8.0_291'
Driver info: driver.version: ChromeDriver
remote stacktrace: Backtrace:
Ordinal0 [0x0124A2D3+2663123]
Ordinal0 [0x011DA491+2204817]
Ordinal0 [0x010C1FE0+1056736]
Ordinal0 [0x010B6F95+1011605]
Ordinal0 [0x010DFD61+1178977]
Ordinal0 [0x010DC335+1164085]
Ordinal0 [0x010D9B7F+1153919]
Ordinal0 [0x01109D8F+1351055]
Ordinal0 [0x011099FA+1350138]
Ordinal0 [0x0110589B+1333403]
Ordinal0 [0x010E1F74+1187700]
Ordinal0 [0x010E2DC9+1191369]
GetHandleVerifier [0x013E30D6+1610054]
GetHandleVerifier [0x0148B53B+2299307]
GetHandleVerifier [0x012D8DA9+519705]
GetHandleVerifier [0x012D7759+513993]
Ordinal0 [0x011E112D+2232621]
Ordinal0 [0x011E55F8+2250232]
Ordinal0 [0x011E5732+2250546]
Ordinal0 [0x011EE591+2286993]
BaseThreadInitThunk [0x76B9FA29+25]
RtlGetAppContainerNamedObjectPath [0x770B7A9E+286]
RtlGetAppContainerNamedObjectPath [0x770B7A6E+238]
]]>
            </message>
            <full-stacktrace>
              <![CDATA[org.openqa.selenium.WebDriverException: chrome not reachable
Build info: version: '3.141.59', revision: 'e82be7d358', time: '2018-11-14T08:17:03'
System info: host: 'LAPTOP-7BGC73VB', ip: '192.168.1.7', os.name: 'Windows 10', os.arch: 'amd64', os.version: '10.0', java.version: '1.8.0_291'
Driver info: driver.version: ChromeDriver
remote stacktrace: Backtrace:
Ordinal0 [0x0124A2D3+2663123]
Ordinal0 [0x011DA491+2204817]
Ordinal0 [0x010C1FE0+1056736]
Ordinal0 [0x010B6F95+1011605]
Ordinal0 [0x010DFD61+1178977]
Ordinal0 [0x010DC335+1164085]
Ordinal0 [0x010D9B7F+1153919]
Ordinal0 [0x01109D8F+1351055]
Ordinal0 [0x011099FA+1350138]
Ordinal0 [0x0110589B+1333403]
Ordinal0 [0x010E1F74+1187700]
Ordinal0 [0x010E2DC9+1191369]
GetHandleVerifier [0x013E30D6+1610054]
GetHandleVerifier [0x0148B53B+2299307]
GetHandleVerifier [0x012D8DA9+519705]
GetHandleVerifier [0x012D7759+513993]
Ordinal0 [0x011E112D+2232621]
Ordinal0 [0x011E55F8+2250232]
Ordinal0 [0x011E5732+2250546]
Ordinal0 [0x011EE591+2286993]
BaseThreadInitThunk [0x76B9FA29+25]
RtlGetAppContainerNamedObjectPath [0x770B7A9E+286]
RtlGetAppContainerNamedObjectPath [0x770B7A6E+238]

at sun.reflect.NativeConstructorAccessorImpl.newInstance0(Native Method)
at sun.reflect.NativeConstructorAccessorImpl.newInstance(NativeConstructorAccessorImpl.java:62)
at sun.reflect.DelegatingConstructorAccessorImpl.newInstance(DelegatingConstructorAccessorImpl.java:45)
at java.lang.reflect.Constructor.newInstance(Constructor.java:423)
at org.openqa.selenium.remote.W3CHandshakeResponse.lambda$errorHandler$0(W3CHandshakeResponse.java:62)
at org.openqa.selenium.remote.HandshakeResponse.lambda$getResponseFunction$0(HandshakeResponse.java:30)
at org.openqa.selenium.remote.ProtocolHandshake.lambda$createSession$0(ProtocolHandshake.java:126)
at java.util.stream.ReferencePipeline$3$1.accept(ReferencePipeline.java:193)
at java.util.Spliterators$ArraySpliterator.tryAdvance(Spliterators.java:958)
at java.util.stream.ReferencePipeline.forEachWithCancel(ReferencePipeline.java:126)
at java.util.stream.AbstractPipeline.copyIntoWithCancel(AbstractPipeline.java:499)
at java.util.stream.AbstractPipeline.copyInto(AbstractPipeline.java:486)
at java.util.stream.AbstractPipeline.wrapAndCopyInto(AbstractPipeline.java:472)
at java.util.stream.FindOps$FindOp.evaluateSequential(FindOps.java:152)
at java.util.stream.AbstractPipeline.evaluate(AbstractPipeline.java:234)
at java.util.stream.ReferencePipeline.findFirst(ReferencePipeline.java:464)
at org.openqa.selenium.remote.ProtocolHandshake.createSession(ProtocolHandshake.java:128)
at org.openqa.selenium.remote.ProtocolHandshake.createSession(ProtocolHandshake.java:74)
at org.openqa.selenium.remote.HttpCommandExecutor.execute(HttpCommandExecutor.java:136)
at org.openqa.selenium.remote.service.DriverCommandExecutor.execute(DriverCommandExecutor.java:83)
at org.openqa.selenium.remote.RemoteWebDriver.execute(RemoteWebDriver.java:552)
at org.openqa.selenium.remote.RemoteWebDriver.startSession(RemoteWebDriver.java:213)
at org.openqa.selenium.remote.RemoteWebDriver.<init>(RemoteWebDriver.java:131)
at org.openqa.selenium.chrome.ChromeDriver.<init>(ChromeDriver.java:181)
at org.openqa.selenium.chrome.ChromeDriver.<init>(ChromeDriver.java:168)
at org.openqa.selenium.chrome.ChromeDriver.<init>(ChromeDriver.java:123)
at com.reobeen.qa.testcase.BaseTest.beforeTest(BaseTest.java:51)
at sun.reflect.NativeMethodAccessorImpl.invoke0(Native Method)
at sun.reflect.NativeMethodAccessorImpl.invoke(NativeMethodAccessorImpl.java:62)
at sun.reflect.DelegatingMethodAccessorImpl.invoke(DelegatingMethodAccessorImpl.java:43)
at java.lang.reflect.Method.invoke(Method.java:498)
at org.testng.internal.MethodInvocationHelper.invokeMethod(MethodInvocationHelper.java:133)
at org.testng.internal.MethodInvocationHelper.invokeMethodConsideringTimeout(MethodInvocationHelper.java:62)
at org.testng.internal.ConfigInvoker.invokeConfigurationMethod(ConfigInvoker.java:385)
at org.testng.internal.ConfigInvoker.invokeConfigurations(ConfigInvoker.java:321)
at org.testng.internal.TestMethodWorker.invokeBeforeClassMethods(TestMethodWorker.java:176)
at org.testng.internal.TestMethodWorker.run(TestMethodWorker.java:122)
at java.util.ArrayList.forEach(ArrayList.java:1259)
at org.testng.TestRunner.privateRun(TestRunner.java:794)
at org.testng.TestRunner.run(TestRunner.java:596)
at org.testng.SuiteRunner.runTest(SuiteRunner.java:377)
at org.testng.SuiteRunner.runSequentially(SuiteRunner.java:371)
at org.testng.SuiteRunner.privateRun(SuiteRunner.java:332)
at org.testng.SuiteRunner.run(SuiteRunner.java:276)
at org.testng.SuiteRunnerWorker.runSuite(SuiteRunnerWorker.java:53)
at org.testng.SuiteRunnerWorker.run(SuiteRunnerWorker.java:96)
at org.testng.TestNG.runSuitesSequentially(TestNG.java:1212)
at org.testng.TestNG.runSuitesLocally(TestNG.java:1134)
at org.testng.TestNG.runSuites(TestNG.java:1063)
at org.testng.TestNG.run(TestNG.java:1031)
at org.apache.maven.surefire.testng.TestNGExecutor.run(TestNGExecutor.java:284)
at org.apache.maven.surefire.testng.TestNGXmlTestSuite.execute(TestNGXmlTestSuite.java:75)
at org.apache.maven.surefire.testng.TestNGProvider.invoke(TestNGProvider.java:119)
at org.apache.maven.surefire.booter.ForkedBooter.runSuitesInProcess(ForkedBooter.java:428)
at org.apache.maven.surefire.booter.ForkedBooter.execute(ForkedBooter.java:162)
at org.apache.maven.surefire.booter.ForkedBooter.run(ForkedBooter.java:562)
at org.apache.maven.surefire.booter.ForkedBooter.main(ForkedBooter.java:548)
]]>
            </full-stacktrace>
          </exception> <!-- org.openqa.selenium.WebDriverException -->
          <reporter-output>
          </reporter-output>
        </test-method> <!-- verifyViewContactDetails -->
        <test-method status="SKIP" signature="takeScreenshotOnFailure(org.testng.ITestResult)[pri:0, instance:com.reobeen.qa.testcase.ContactTest@5e853265]" name="takeScreenshotOnFailure" is-config="true" duration-ms="-1632196406872" started-at="2021-09-21T09:23:26 IST" finished-at="1970-01-01T05:30:00 IST">
          <reporter-output>
          </reporter-output>
        </test-method> <!-- takeScreenshotOnFailure -->
        <test-method status="SKIP" signature="takeScreenshotOnFailure(org.testng.ITestResult)[pri:0, instance:com.reobeen.qa.testcase.ContactTest@5e853265]" name="takeScreenshotOnFailure" is-config="true" duration-ms="-1632196406873" started-at="2021-09-21T09:23:26 IST" finished-at="1970-01-01T05:30:00 IST">
          <reporter-output>
          </reporter-output>
        </test-method> <!-- takeScreenshotOnFailure -->
        <test-method status="SKIP" signature="verifyCustomerDetails(java.lang.String,java.lang.String)[pri:6, instance:com.reobeen.qa.testcase.ContactTest@5e853265]" name="verifyCustomerDetails" duration-ms="0" started-at="2021-09-21T09:23:27 IST" data-provider="customerDetails" finished-at="2021-09-21T09:23:27 IST">
          <params>
            <param index="0">
              <value>
                <![CDATA[Mary]]>
              </value>
            </param>
            <param index="1">
              <value>
                <![CDATA[6512347890]]>
              </value>
            </param>
          </params>
          <exception class="org.openqa.selenium.WebDriverException">
            <message>
              <![CDATA[chrome not reachable
Build info: version: '3.141.59', revision: 'e82be7d358', time: '2018-11-14T08:17:03'
System info: host: 'LAPTOP-7BGC73VB', ip: '192.168.1.7', os.name: 'Windows 10', os.arch: 'amd64', os.version: '10.0', java.version: '1.8.0_291'
Driver info: driver.version: ChromeDriver
remote stacktrace: Backtrace:
Ordinal0 [0x0124A2D3+2663123]
Ordinal0 [0x011DA491+2204817]
Ordinal0 [0x010C1FE0+1056736]
Ordinal0 [0x010B6F95+1011605]
Ordinal0 [0x010DFD61+1178977]
Ordinal0 [0x010DC335+1164085]
Ordinal0 [0x010D9B7F+1153919]
Ordinal0 [0x01109D8F+1351055]
Ordinal0 [0x011099FA+1350138]
Ordinal0 [0x0110589B+1333403]
Ordinal0 [0x010E1F74+1187700]
Ordinal0 [0x010E2DC9+1191369]
GetHandleVerifier [0x013E30D6+1610054]
GetHandleVerifier [0x0148B53B+2299307]
GetHandleVerifier [0x012D8DA9+519705]
GetHandleVerifier [0x012D7759+513993]
Ordinal0 [0x011E112D+2232621]
Ordinal0 [0x011E55F8+2250232]
Ordinal0 [0x011E5732+2250546]
Ordinal0 [0x011EE591+2286993]
BaseThreadInitThunk [0x76B9FA29+25]
RtlGetAppContainerNamedObjectPath [0x770B7A9E+286]
RtlGetAppContainerNamedObjectPath [0x770B7A6E+238]
]]>
            </message>
            <full-stacktrace>
              <![CDATA[org.openqa.selenium.WebDriverException: chrome not reachable
Build info: version: '3.141.59', revision: 'e82be7d358', time: '2018-11-14T08:17:03'
System info: host: 'LAPTOP-7BGC73VB', ip: '192.168.1.7', os.name: 'Windows 10', os.arch: 'amd64', os.version: '10.0', java.version: '1.8.0_291'
Driver info: driver.version: ChromeDriver
remote stacktrace: Backtrace:
Ordinal0 [0x0124A2D3+2663123]
Ordinal0 [0x011DA491+2204817]
Ordinal0 [0x010C1FE0+1056736]
Ordinal0 [0x010B6F95+1011605]
Ordinal0 [0x010DFD61+1178977]
Ordinal0 [0x010DC335+1164085]
Ordinal0 [0x010D9B7F+1153919]
Ordinal0 [0x01109D8F+1351055]
Ordinal0 [0x011099FA+1350138]
Ordinal0 [0x0110589B+1333403]
Ordinal0 [0x010E1F74+1187700]
Ordinal0 [0x010E2DC9+1191369]
GetHandleVerifier [0x013E30D6+1610054]
GetHandleVerifier [0x0148B53B+2299307]
GetHandleVerifier [0x012D8DA9+519705]
GetHandleVerifier [0x012D7759+513993]
Ordinal0 [0x011E112D+2232621]
Ordinal0 [0x011E55F8+2250232]
Ordinal0 [0x011E5732+2250546]
Ordinal0 [0x011EE591+2286993]
BaseThreadInitThunk [0x76B9FA29+25]
RtlGetAppContainerNamedObjectPath [0x770B7A9E+286]
RtlGetAppContainerNamedObjectPath [0x770B7A6E+238]

at sun.reflect.NativeConstructorAccessorImpl.newInstance0(Native Method)
at sun.reflect.NativeConstructorAccessorImpl.newInstance(NativeConstructorAccessorImpl.java:62)
at sun.reflect.DelegatingConstructorAccessorImpl.newInstance(DelegatingConstructorAccessorImpl.java:45)
at java.lang.reflect.Constructor.newInstance(Constructor.java:423)
at org.openqa.selenium.remote.W3CHandshakeResponse.lambda$errorHandler$0(W3CHandshakeResponse.java:62)
at org.openqa.selenium.remote.HandshakeResponse.lambda$getResponseFunction$0(HandshakeResponse.java:30)
at org.openqa.selenium.remote.ProtocolHandshake.lambda$createSession$0(ProtocolHandshake.java:126)
at java.util.stream.ReferencePipeline$3$1.accept(ReferencePipeline.java:193)
at java.util.Spliterators$ArraySpliterator.tryAdvance(Spliterators.java:958)
at java.util.stream.ReferencePipeline.forEachWithCancel(ReferencePipeline.java:126)
at java.util.stream.AbstractPipeline.copyIntoWithCancel(AbstractPipeline.java:499)
at java.util.stream.AbstractPipeline.copyInto(AbstractPipeline.java:486)
at java.util.stream.AbstractPipeline.wrapAndCopyInto(AbstractPipeline.java:472)
at java.util.stream.FindOps$FindOp.evaluateSequential(FindOps.java:152)
at java.util.stream.AbstractPipeline.evaluate(AbstractPipeline.java:234)
at java.util.stream.ReferencePipeline.findFirst(ReferencePipeline.java:464)
at org.openqa.selenium.remote.ProtocolHandshake.createSession(ProtocolHandshake.java:128)
at org.openqa.selenium.remote.ProtocolHandshake.createSession(ProtocolHandshake.java:74)
at org.openqa.selenium.remote.HttpCommandExecutor.execute(HttpCommandExecutor.java:136)
at org.openqa.selenium.remote.service.DriverCommandExecutor.execute(DriverCommandExecutor.java:83)
at org.openqa.selenium.remote.RemoteWebDriver.execute(RemoteWebDriver.java:552)
at org.openqa.selenium.remote.RemoteWebDriver.startSession(RemoteWebDriver.java:213)
at org.openqa.selenium.remote.RemoteWebDriver.<init>(RemoteWebDriver.java:131)
at org.openqa.selenium.chrome.ChromeDriver.<init>(ChromeDriver.java:181)
at org.openqa.selenium.chrome.ChromeDriver.<init>(ChromeDriver.java:168)
at org.openqa.selenium.chrome.ChromeDriver.<init>(ChromeDriver.java:123)
at com.reobeen.qa.testcase.BaseTest.beforeTest(BaseTest.java:51)
at sun.reflect.NativeMethodAccessorImpl.invoke0(Native Method)
at sun.reflect.NativeMethodAccessorImpl.invoke(NativeMethodAccessorImpl.java:62)
at sun.reflect.DelegatingMethodAccessorImpl.invoke(DelegatingMethodAccessorImpl.java:43)
at java.lang.reflect.Method.invoke(Method.java:498)
at org.testng.internal.MethodInvocationHelper.invokeMethod(MethodInvocationHelper.java:133)
at org.testng.internal.MethodInvocationHelper.invokeMethodConsideringTimeout(MethodInvocationHelper.java:62)
at org.testng.internal.ConfigInvoker.invokeConfigurationMethod(ConfigInvoker.java:385)
at org.testng.internal.ConfigInvoker.invokeConfigurations(ConfigInvoker.java:321)
at org.testng.internal.TestMethodWorker.invokeBeforeClassMethods(TestMethodWorker.java:176)
at org.testng.internal.TestMethodWorker.run(TestMethodWorker.java:122)
at java.util.ArrayList.forEach(ArrayList.java:1259)
at org.testng.TestRunner.privateRun(TestRunner.java:794)
at org.testng.TestRunner.run(TestRunner.java:596)
at org.testng.SuiteRunner.runTest(SuiteRunner.java:377)
at org.testng.SuiteRunner.runSequentially(SuiteRunner.java:371)
at org.testng.SuiteRunner.privateRun(SuiteRunner.java:332)
at org.testng.SuiteRunner.run(SuiteRunner.java:276)
at org.testng.SuiteRunnerWorker.runSuite(SuiteRunnerWorker.java:53)
at org.testng.SuiteRunnerWorker.run(SuiteRunnerWorker.java:96)
at org.testng.TestNG.runSuitesSequentially(TestNG.java:1212)
at org.testng.TestNG.runSuitesLocally(TestNG.java:1134)
at org.testng.TestNG.runSuites(TestNG.java:1063)
at org.testng.TestNG.run(TestNG.java:1031)
at org.apache.maven.surefire.testng.TestNGExecutor.run(TestNGExecutor.java:284)
at org.apache.maven.surefire.testng.TestNGXmlTestSuite.execute(TestNGXmlTestSuite.java:75)
at org.apache.maven.surefire.testng.TestNGProvider.invoke(TestNGProvider.java:119)
at org.apache.maven.surefire.booter.ForkedBooter.runSuitesInProcess(ForkedBooter.java:428)
at org.apache.maven.surefire.booter.ForkedBooter.execute(ForkedBooter.java:162)
at org.apache.maven.surefire.booter.ForkedBooter.run(ForkedBooter.java:562)
at org.apache.maven.surefire.booter.ForkedBooter.main(ForkedBooter.java:548)
]]>
            </full-stacktrace>
          </exception> <!-- org.openqa.selenium.WebDriverException -->
          <reporter-output>
          </reporter-output>
        </test-method> <!-- verifyCustomerDetails -->
        <test-method status="SKIP" signature="takeScreenshotOnFailure(org.testng.ITestResult)[pri:0, instance:com.reobeen.qa.testcase.ContactTest@5e853265]" name="takeScreenshotOnFailure" is-config="true" duration-ms="-1632196407057" started-at="2021-09-21T09:23:27 IST" finished-at="1970-01-01T05:30:00 IST">
          <reporter-output>
          </reporter-output>
        </test-method> <!-- takeScreenshotOnFailure -->
        <test-method status="FAIL" signature="after()[pri:0, instance:com.reobeen.qa.testcase.ContactTest@5e853265]" name="after" is-config="true" duration-ms="0" started-at="2021-09-21T09:23:27 IST" finished-at="2021-09-21T09:23:27 IST">
          <exception class="java.lang.NullPointerException">
            <full-stacktrace>
              <![CDATA[java.lang.NullPointerException
at com.reobeen.qa.testcase.BaseTest.after(BaseTest.java:95)
at sun.reflect.NativeMethodAccessorImpl.invoke0(Native Method)
at sun.reflect.NativeMethodAccessorImpl.invoke(NativeMethodAccessorImpl.java:62)
at sun.reflect.DelegatingMethodAccessorImpl.invoke(DelegatingMethodAccessorImpl.java:43)
at java.lang.reflect.Method.invoke(Method.java:498)
at org.testng.internal.MethodInvocationHelper.invokeMethod(MethodInvocationHelper.java:133)
at org.testng.internal.MethodInvocationHelper.invokeMethodConsideringTimeout(MethodInvocationHelper.java:62)
at org.testng.internal.ConfigInvoker.invokeConfigurationMethod(ConfigInvoker.java:385)
at org.testng.internal.ConfigInvoker.invokeConfigurations(ConfigInvoker.java:321)
at org.testng.TestRunner.invokeTestConfigurations(TestRunner.java:637)
at org.testng.TestRunner.afterRun(TestRunner.java:877)
at org.testng.TestRunner.run(TestRunner.java:599)
at org.testng.SuiteRunner.runTest(SuiteRunner.java:377)
at org.testng.SuiteRunner.runSequentially(SuiteRunner.java:371)
at org.testng.SuiteRunner.privateRun(SuiteRunner.java:332)
at org.testng.SuiteRunner.run(SuiteRunner.java:276)
at org.testng.SuiteRunnerWorker.runSuite(SuiteRunnerWorker.java:53)
at org.testng.SuiteRunnerWorker.run(SuiteRunnerWorker.java:96)
at org.testng.TestNG.runSuitesSequentially(TestNG.java:1212)
at org.testng.TestNG.runSuitesLocally(TestNG.java:1134)
at org.testng.TestNG.runSuites(TestNG.java:1063)
at org.testng.TestNG.run(TestNG.java:1031)
at org.apache.maven.surefire.testng.TestNGExecutor.run(TestNGExecutor.java:284)
at org.apache.maven.surefire.testng.TestNGXmlTestSuite.execute(TestNGXmlTestSuite.java:75)
at org.apache.maven.surefire.testng.TestNGProvider.invoke(TestNGProvider.java:119)
at org.apache.maven.surefire.booter.ForkedBooter.runSuitesInProcess(ForkedBooter.java:428)
at org.apache.maven.surefire.booter.ForkedBooter.execute(ForkedBooter.java:162)
at org.apache.maven.surefire.booter.ForkedBooter.run(ForkedBooter.java:562)
at org.apache.maven.surefire.booter.ForkedBooter.main(ForkedBooter.java:548)
]]>
            </full-stacktrace>
          </exception> <!-- java.lang.NullPointerException -->
          <reporter-output>
          </reporter-output>
        </test-method> <!-- after -->
      </class> <!-- com.reobeen.qa.testcase.ContactTest -->
    </test> <!-- Test -->
  </suite> <!-- Suite -->
</testng-results>
